Performing C SOURCE FILE Test HAVE_STRUCT_STAT_ST_MTIM failed with the following output:
Change Dir: /Users/kyohei/Documents/DRBP/vendor/bundle/ruby/2.5.0/gems/rugged-0.27.2/vendor/libgit2/build/CMakeFiles/CMakeTmp

Run Build Command:"/usr/bin/make" "cmTC_0abaa/fast"
/Library/Developer/CommandLineTools/usr/bin/make -f CMakeFiles/cmTC_0abaa.dir/build.make CMakeFiles/cmTC_0abaa.dir/build
Building C object CMakeFiles/cmTC_0abaa.dir/src.c.o
/Library/Developer/CommandLineTools/usr/bin/cc   -fPIC -DHAVE_STRUCT_STAT_ST_MTIM   -o CMakeFiles/cmTC_0abaa.dir/src.c.o   -c /Users/kyohei/Documents/DRBP/vendor/bundle/ruby/2.5.0/gems/rugged-0.27.2/vendor/libgit2/build/CMakeFiles/CMakeTmp/src.c
/Users/kyohei/Documents/DRBP/vendor/bundle/ruby/2.5.0/gems/rugged-0.27.2/vendor/libgit2/build/CMakeFiles/CMakeTmp/src.c:7:37: error: no member named 'st_mtim' in 'struct stat'
   (void)sizeof(((struct stat *)0)->st_mtim);
                ~~~~~~~~~~~~~~~~~~  ^
1 error generated.
make[1]: *** [CMakeFiles/cmTC_0abaa.dir/src.c.o] Error 1
make: *** [cmTC_0abaa/fast] Error 2

Source file was:

#include <sys/types.h>
#include <sys/stat.h>

int main()
{
   (void)sizeof(((struct stat *)0)->st_mtim);
   return 0;
}

Performing C SOURCE FILE Test HAVE_STRUCT_STAT_MTIME_NSEC failed with the following output:
Change Dir: /Users/kyohei/Documents/DRBP/vendor/bundle/ruby/2.5.0/gems/rugged-0.27.2/vendor/libgit2/build/CMakeFiles/CMakeTmp

Run Build Command:"/usr/bin/make" "cmTC_41c4d/fast"
/Library/Developer/CommandLineTools/usr/bin/make -f CMakeFiles/cmTC_41c4d.dir/build.make CMakeFiles/cmTC_41c4d.dir/build
Building C object CMakeFiles/cmTC_41c4d.dir/src.c.o
/Library/Developer/CommandLineTools/usr/bin/cc   -fPIC -DHAVE_STRUCT_STAT_MTIME_NSEC   -o CMakeFiles/cmTC_41c4d.dir/src.c.o   -c /Users/kyohei/Documents/DRBP/vendor/bundle/ruby/2.5.0/gems/rugged-0.27.2/vendor/libgit2/build/CMakeFiles/CMakeTmp/src.c
/Users/kyohei/Documents/DRBP/vendor/bundle/ruby/2.5.0/gems/rugged-0.27.2/vendor/libgit2/build/CMakeFiles/CMakeTmp/src.c:6:37: error: no member named 'st_mtime_nsec' in 'struct stat'; did you mean 'st_mtimespec'?
   (void)sizeof(((struct stat *)0)->st_mtime_nsec);
                                    ^~~~~~~~~~~~~
                                    st_mtimespec
/usr/include/sys/stat.h:182:13: note: 'st_mtimespec' declared here
struct stat __DARWIN_STRUCT_STAT64;
            ^
/usr/include/sys/stat.h:166:2: note: expanded from macro '__DARWIN_STRUCT_STAT64'
        __DARWIN_STRUCT_STAT64_TIMES \
        ^
/usr/include/sys/stat.h:130:18: note: expanded from macro '__DARWIN_STRUCT_STAT64_TIMES'
        struct timespec st_mtimespec;           /* time of last data modification */ \
                        ^
1 error generated.
make[1]: *** [CMakeFiles/cmTC_41c4d.dir/src.c.o] Error 1
make: *** [cmTC_41c4d/fast] Error 2

Source file was:

#include <sys/stat.h>

int main()
{
   (void)sizeof(((struct stat *)0)->st_mtime_nsec);
   return 0;
}

Determining if the function futimens exists failed with the following output:
Change Dir: /Users/kyohei/Documents/DRBP/vendor/bundle/ruby/2.5.0/gems/rugged-0.27.2/vendor/libgit2/build/CMakeFiles/CMakeTmp

Run Build Command:"/usr/bin/make" "cmTC_5eac9/fast"
/Library/Developer/CommandLineTools/usr/bin/make -f CMakeFiles/cmTC_5eac9.dir/build.make CMakeFiles/cmTC_5eac9.dir/build
Building C object CMakeFiles/cmTC_5eac9.dir/CheckFunctionExists.c.o
/Library/Developer/CommandLineTools/usr/bin/cc   -D_GNU_SOURCE -fPIC -Wall -Wextra -Wdocumentation -Wno-missing-field-initializers -Wstrict-aliasing -Wstrict-prototypes -Wdeclaration-after-statement -Wshift-count-overflow -Wno-unused-const-variable -Wno-unused-function -Wno-deprecated-declarations -DCHECK_FUNCTION_EXISTS=futimens   -o CMakeFiles/cmTC_5eac9.dir/CheckFunctionExists.c.o   -c /usr/local/Cellar/cmake/3.12.0/share/cmake/Modules/CheckFunctionExists.c
Linking C executable cmTC_5eac9
/usr/local/Cellar/cmake/3.12.0/bin/cmake -E cmake_link_script CMakeFiles/cmTC_5eac9.dir/link.txt --verbose=1
/Library/Developer/CommandLineTools/usr/bin/cc -D_GNU_SOURCE -fPIC -Wall -Wextra -Wdocumentation -Wno-missing-field-initializers -Wstrict-aliasing -Wstrict-prototypes -Wdeclaration-after-statement -Wshift-count-overflow -Wno-unused-const-variable -Wno-unused-function -Wno-deprecated-declarations -DCHECK_FUNCTION_EXISTS=futimens -Wl,-search_paths_first -Wl,-headerpad_max_install_names   CMakeFiles/cmTC_5eac9.dir/CheckFunctionExists.c.o  -o cmTC_5eac9 
Undefined symbols for architecture x86_64:
  "_futimens", referenced from:
      _main in CheckFunctionExists.c.o
ld: symbol(s) not found for architecture x86_64
clang: error: linker command failed with exit code 1 (use -v to see invocation)
make[1]: *** [cmTC_5eac9] Error 1
make: *** [cmTC_5eac9/fast] Error 2


Determining if the function qsort_s exists failed with the following output:
Change Dir: /Users/kyohei/Documents/DRBP/vendor/bundle/ruby/2.5.0/gems/rugged-0.27.2/vendor/libgit2/build/CMakeFiles/CMakeTmp

Run Build Command:"/usr/bin/make" "cmTC_e879b/fast"
/Library/Developer/CommandLineTools/usr/bin/make -f CMakeFiles/cmTC_e879b.dir/build.make CMakeFiles/cmTC_e879b.dir/build
Building C object CMakeFiles/cmTC_e879b.dir/CheckFunctionExists.c.o
/Library/Developer/CommandLineTools/usr/bin/cc   -D_GNU_SOURCE -fPIC -Wall -Wextra -Wdocumentation -Wno-missing-field-initializers -Wstrict-aliasing -Wstrict-prototypes -Wdeclaration-after-statement -Wshift-count-overflow -Wno-unused-const-variable -Wno-unused-function -Wno-deprecated-declarations -DCHECK_FUNCTION_EXISTS=qsort_s   -o CMakeFiles/cmTC_e879b.dir/CheckFunctionExists.c.o   -c /usr/local/Cellar/cmake/3.12.0/share/cmake/Modules/CheckFunctionExists.c
Linking C executable cmTC_e879b
/usr/local/Cellar/cmake/3.12.0/bin/cmake -E cmake_link_script CMakeFiles/cmTC_e879b.dir/link.txt --verbose=1
/Library/Developer/CommandLineTools/usr/bin/cc -D_GNU_SOURCE -fPIC -Wall -Wextra -Wdocumentation -Wno-missing-field-initializers -Wstrict-aliasing -Wstrict-prototypes -Wdeclaration-after-statement -Wshift-count-overflow -Wno-unused-const-variable -Wno-unused-function -Wno-deprecated-declarations -DCHECK_FUNCTION_EXISTS=qsort_s -Wl,-search_paths_first -Wl,-headerpad_max_install_names   CMakeFiles/cmTC_e879b.dir/CheckFunctionExists.c.o  -o cmTC_e879b 
Undefined symbols for architecture x86_64:
  "_qsort_s", referenced from:
      _main in CheckFunctionExists.c.o
ld: symbol(s) not found for architecture x86_64
clang: error: linker command failed with exit code 1 (use -v to see invocation)
make[1]: *** [cmTC_e879b] Error 1
make: *** [cmTC_e879b/fast] Error 2


Determining if the function clock_gettime exists in the rt failed with the following output:
Change Dir: /Users/kyohei/Documents/DRBP/vendor/bundle/ruby/2.5.0/gems/rugged-0.27.2/vendor/libgit2/build/CMakeFiles/CMakeTmp

Run Build Command:"/usr/bin/make" "cmTC_d6803/fast"
/Library/Developer/CommandLineTools/usr/bin/make -f CMakeFiles/cmTC_d6803.dir/build.make CMakeFiles/cmTC_d6803.dir/build
Building C object CMakeFiles/cmTC_d6803.dir/CheckFunctionExists.c.o
/Library/Developer/CommandLineTools/usr/bin/cc   -D_GNU_SOURCE -fPIC -Wall -Wextra -Wdocumentation -Wno-missing-field-initializers -Wstrict-aliasing -Wstrict-prototypes -Wdeclaration-after-statement -Wshift-count-overflow -Wno-unused-const-variable -Wno-unused-function -Wno-deprecated-declarations -DCHECK_FUNCTION_EXISTS=clock_gettime   -o CMakeFiles/cmTC_d6803.dir/CheckFunctionExists.c.o   -c /usr/local/Cellar/cmake/3.12.0/share/cmake/Modules/CheckFunctionExists.c
Linking C executable cmTC_d6803
/usr/local/Cellar/cmake/3.12.0/bin/cmake -E cmake_link_script CMakeFiles/cmTC_d6803.dir/link.txt --verbose=1
/Library/Developer/CommandLineTools/usr/bin/cc -D_GNU_SOURCE -fPIC -Wall -Wextra -Wdocumentation -Wno-missing-field-initializers -Wstrict-aliasing -Wstrict-prototypes -Wdeclaration-after-statement -Wshift-count-overflow -Wno-unused-const-variable -Wno-unused-function -Wno-deprecated-declarations -DCHECK_FUNCTION_EXISTS=clock_gettime -Wl,-search_paths_first -Wl,-headerpad_max_install_names   CMakeFiles/cmTC_d6803.dir/CheckFunctionExists.c.o  -o cmTC_d6803  -L/Users/kyohei/Documents/DRBP/vendor/bundle/ruby/2.5.0/gems/rugged-0.27.2/vendor/libgit2/build/CMakeFiles/CMakeTmp/time.h -Wl,-rpath,/Users/kyohei/Documents/DRBP/vendor/bundle/ruby/2.5.0/gems/rugged-0.27.2/vendor/libgit2/build/CMakeFiles/CMakeTmp/time.h -lrt 
ld: warning: directory not found for option '-L/Users/kyohei/Documents/DRBP/vendor/bundle/ruby/2.5.0/gems/rugged-0.27.2/vendor/libgit2/build/CMakeFiles/CMakeTmp/time.h'
ld: library not found for -lrt
clang: error: linker command failed with exit code 1 (use -v to see invocation)
make[1]: *** [cmTC_d6803] Error 1
make: *** [cmTC_d6803/fast] Error 2


